<?xml version="1.0" encoding="UTF-8"?>
<!-- Generated by org.testng.reporters.JUnitReportReporter -->
<testsuite hostname="IBM-DOTNET-001" name="LiveProject.PostMethodWithBodyandresponseasjson" tests="1" failures="0" timestamp="30 Apr 2021 05:35:21 GMT" time="8.701" errors="0">
  <testcase name="Login" time="8.701" classname="LiveProject.PostMethodWithBodyandresponseasjson"/>
</testsuite> <!-- LiveProject.PostMethodWithBodyandresponseasjson -->
